<?xml version="1.0" encoding="UTF-8"?>
<testsuite name="ucr.sa.client.security.JwtTokenHandlerTests" tests="1" skipped="1" failures="0" errors="0" timestamp="2024-03-07T14:18:50" hostname="SIRIO" time="0.001">
  <properties/>
  <testcase name="generateRandomSecret()" classname="ucr.sa.client.security.JwtTokenHandlerTests" time="0.001">
    <skipped/>
  </testcase>
  <system-out><![CDATA[]]></system-out>
  <system-err><![CDATA[]]></system-err>
</testsuite>
